<?xml version="1.0" encoding="UTF-8"?>
<testsuite name="com.azureguardian.problems.arrays.ContainsDuplicateTests" tests="2" skipped="0" failures="0" errors="0" timestamp="2022-05-09T10:03:26" hostname="MacBook-Pro-Ilya.local" time="0.022">
  <properties/>
  <testcase name="duplicateFound()" classname="com.azureguardian.problems.arrays.ContainsDuplicateTests" time="0.018"/>
  <testcase name="duplicateNotFound()" classname="com.azureguardian.problems.arrays.ContainsDuplicateTests" time="0.002"/>
  <system-out><![CDATA[]]></system-out>
  <system-err><![CDATA[]]></system-err>
</testsuite>
