<?xml version="1.0" encoding="UTF-8"?>
<testsuite name="com.azureguardian.problems.arrays.ValidAnagramTests" tests="4" skipped="0" failures="0" errors="0" timestamp="2022-05-09T10:03:27" hostname="MacBook-Pro-Ilya.local" time="0.006">
  <properties/>
  <testcase name="notAnagram()" classname="com.azureguardian.problems.arrays.ValidAnagramTests" time="0.002"/>
  <testcase name="anagram()" classname="com.azureguardian.problems.arrays.ValidAnagramTests" time="0.0"/>
  <testcase name="anagramWithRepeatedCharacters()" classname="com.azureguardian.problems.arrays.ValidAnagramTests" time="0.001"/>
  <testcase name="anagramWithUnicode()" classname="com.azureguardian.problems.arrays.ValidAnagramTests" time="0.001"/>
  <system-out><![CDATA[]]></system-out>
  <system-err><![CDATA[]]></system-err>
</testsuite>
